0 info it worked if it ends with ok
1 verbose cli [ 'c:\\Program Files\\nodejs\\node.exe',
1 verbose cli   'c:\\Program Files\\nodejs\\node_modules\\npm\\bin\\npm-cli.js',
1 verbose cli   'install',
1 verbose cli   'wait.for' ]
2 info using npm@2.5.1
3 info using node@v0.12.0
4 silly cache add args [ 'wait.for', null ]
5 verbose cache add spec wait.for
6 silly cache add parsed spec { raw: 'wait.for',
6 silly cache add   scope: null,
6 silly cache add   name: 'wait.for',
6 silly cache add   rawSpec: '',
6 silly cache add   spec: '*',
6 silly cache add   type: 'range' }
7 verbose addNamed wait.for@*
8 silly addNamed semver.valid null
9 silly addNamed semver.validRange *
10 silly addNameRange { name: 'wait.for', range: '*', hasData: false }
11 silly mapToRegistry name wait.for
12 silly mapToRegistry using default registry
13 silly mapToRegistry registry https://registry.npmjs.org/
14 silly mapToRegistry uri https://registry.npmjs.org/wait.for
15 verbose addNameRange registry:https://registry.npmjs.org/wait.for not in flight; fetching
16 verbose request uri https://registry.npmjs.org/wait.for
17 verbose request no auth needed
18 info attempt registry request try #1 at 11:45:45
19 verbose request id ec8aa1405573bb6a
20 http request GET https://registry.npmjs.org/wait.for
21 http 200 https://registry.npmjs.org/wait.for
22 silly get cb [ 200,
22 silly get   { date: 'Sat, 14 Mar 2015 10:45:53 GMT',
22 silly get     server: 'CouchDB/1.5.0 (Erlang OTP/R16B03)',
22 silly get     etag: '"5EPNUA2FWAON1ALBZ4KS0OB8C"',
22 silly get     'content-type': 'application/json',
22 silly get     'cache-control': 'max-age=60',
22 silly get     'content-length': '19111',
22 silly get     'accept-ranges': 'bytes',
22 silly get     via: '1.1 varnish',
22 silly get     age: '0',
22 silly get     'x-served-by': 'cache-lcy1126-LCY',
22 silly get     'x-cache': 'MISS',
22 silly get     'x-cache-hits': '0',
22 silly get     'x-timer': 'S1426329953.463641,VS0,VE161',
22 silly get     vary: 'Accept',
22 silly get     'keep-alive': 'timeout=10, max=50',
22 silly get     connection: 'Keep-Alive' } ]
23 verbose get saving wait.for to C:\Users\Jan\AppData\Roaming\npm-cache\registry.npmjs.org\wait.for\.cache.json
24 silly addNameRange number 2 { name: 'wait.for', range: '*', hasData: true }
25 silly addNameRange versions [ 'wait.for',
25 silly addNameRange   [ '0.6.0', '0.6.1', '0.6.2', '0.6.3', '0.6.4', '0.6.6' ] ]
26 verbose addNamed wait.for@0.6.6
27 silly addNamed semver.valid 0.6.6
28 silly addNamed semver.validRange 0.6.6
29 silly mapToRegistry name wait.for
30 silly mapToRegistry using default registry
31 silly mapToRegistry registry https://registry.npmjs.org/
32 silly mapToRegistry uri https://registry.npmjs.org/wait.for
33 verbose addRemoteTarball https://registry.npmjs.org/wait.for/-/wait.for-0.6.6.tgz not in flight; adding
34 verbose addRemoteTarball [ 'https://registry.npmjs.org/wait.for/-/wait.for-0.6.6.tgz',
34 verbose addRemoteTarball   '0cc9079ce0680a80545e2ec9bb7a693a16e07504' ]
35 info retry fetch attempt 1 at 11:45:46
36 info attempt registry request try #1 at 11:45:46
37 http fetch GET https://registry.npmjs.org/wait.for/-/wait.for-0.6.6.tgz
38 http fetch 200 https://registry.npmjs.org/wait.for/-/wait.for-0.6.6.tgz
39 silly fetchAndShaCheck shasum 0cc9079ce0680a80545e2ec9bb7a693a16e07504
40 verbose addTmpTarball C:\Users\Jan\AppData\Local\Temp\npm-17988-aad46cc6\registry.npmjs.org\wait.for\-\wait.for-0.6.6.tgz not in flight; adding
41 verbose addTmpTarball already have metadata; skipping unpack for wait.for@0.6.6
42 silly cache afterAdd wait.for@0.6.6
43 verbose afterAdd C:\Users\Jan\AppData\Roaming\npm-cache\wait.for\0.6.6\package\package.json not in flight; writing
44 verbose afterAdd C:\Users\Jan\AppData\Roaming\npm-cache\wait.for\0.6.6\package\package.json written
45 silly install resolved [ { name: 'wait.for',
45 silly install resolved     version: '0.6.6',
45 silly install resolved     description: 'Sequential programming for node.js, end of callback hell',
45 silly install resolved     author:
45 silly install resolved      { name: 'Lucio Tato',
45 silly install resolved        email: 'luciotato@gmail.com',
45 silly install resolved        url: 'http://github.com/luciotato' },
45 silly install resolved     keywords:
45 silly install resolved      [ 'fiber',
45 silly install resolved        'fibers',
45 silly install resolved        'coroutine',
45 silly install resolved        'thread',
45 silly install resolved        'sync',
45 silly install resolved        'async',
45 silly install resolved        'parallel',
45 silly install resolved        'worker',
45 silly install resolved        'future',
45 silly install resolved        'promise',
45 silly install resolved        'wait',
45 silly install resolved        'Wait.for',
45 silly install resolved        'callback hell',
45 silly install resolved        'pyramid of doom' ],
45 silly install resolved     homepage: 'http://github.com/luciotato/waitfor',
45 silly install resolved     license: 'Creative Commons, MIT',
45 silly install resolved     bugs: { url: 'http://github.com/luciotato/waitfor/issues' },
45 silly install resolved     repository: { type: 'git', url: 'git://github.com/luciotato/waitfor.git' },
45 silly install resolved     main: 'waitfor.js',
45 silly install resolved     engines: { node: '>=0.5.2' },
45 silly install resolved     dependencies: { fibers: '>=1.0.1' },
45 silly install resolved     scripts: { test: 'node tests' },
45 silly install resolved     _id: 'wait.for@0.6.6',
45 silly install resolved     _shasum: '0cc9079ce0680a80545e2ec9bb7a693a16e07504',
45 silly install resolved     _from: 'wait.for@*',
45 silly install resolved     _npmVersion: '1.4.9',
45 silly install resolved     _npmUser: { name: 'luciotato', email: 'luciotato@gmail.com' },
45 silly install resolved     maintainers: [ [Object] ],
45 silly install resolved     dist:
45 silly install resolved      { shasum: '0cc9079ce0680a80545e2ec9bb7a693a16e07504',
45 silly install resolved        tarball: 'http://registry.npmjs.org/wait.for/-/wait.for-0.6.6.tgz' },
45 silly install resolved     directories: {},
45 silly install resolved     _resolved: 'https://registry.npmjs.org/wait.for/-/wait.for-0.6.6.tgz' } ]
46 info install wait.for@0.6.6 into c:\Users\Jan\Projects\rpi_gpio_api
47 info installOne wait.for@0.6.6
48 verbose installOne of wait.for to c:\Users\Jan\Projects\rpi_gpio_api not in flight; installing
49 verbose lock using C:\Users\Jan\AppData\Roaming\npm-cache\_locks\wait-for-ec0587116ec478d2.lock for c:\Users\Jan\Projects\rpi_gpio_api\node_modules\wait.for
50 silly install write writing wait.for 0.6.6 to c:\Users\Jan\Projects\rpi_gpio_api\node_modules\wait.for
51 silly cache addNamed cb wait.for@0.6.6
52 verbose unbuild node_modules\wait.for
53 verbose gentlyRm vacuuming c:\Users\Jan\Projects\rpi_gpio_api\node_modules\wait.for
54 verbose tar unpack C:\Users\Jan\AppData\Roaming\npm-cache\wait.for\0.6.6\package.tgz
55 verbose tar unpacking to c:\Users\Jan\Projects\rpi_gpio_api\node_modules\wait.for
56 verbose gentlyRm vacuuming c:\Users\Jan\Projects\rpi_gpio_api\node_modules\wait.for
57 silly gunzTarPerm modes [ '777', '666' ]
58 silly gunzTarPerm extractEntry package.json
59 silly gunzTarPerm modified mode [ 'package.json', 420, 438 ]
60 silly gunzTarPerm extractEntry .npmignore
61 silly gunzTarPerm modified mode [ '.npmignore', 420, 438 ]
62 silly gunzTarPerm extractEntry README.md
63 silly gunzTarPerm modified mode [ 'README.md', 420, 438 ]
64 silly gunzTarPerm extractEntry LICENSE
65 silly gunzTarPerm modified mode [ 'LICENSE', 420, 438 ]
66 silly gunzTarPerm extractEntry waitfor-demo.js
67 silly gunzTarPerm modified mode [ 'waitfor-demo.js', 420, 438 ]
68 silly gunzTarPerm extractEntry tests.js
69 silly gunzTarPerm modified mode [ 'tests.js', 420, 438 ]
70 silly gunzTarPerm extractEntry parallel-tests.js
71 silly gunzTarPerm modified mode [ 'parallel-tests.js', 420, 438 ]
72 silly gunzTarPerm extractEntry waitfor.js
73 silly gunzTarPerm modified mode [ 'waitfor.js', 420, 438 ]
74 silly gunzTarPerm extractEntry examples/multiple-fibers-on-ReadStream-data.js
75 silly gunzTarPerm modified mode [ 'examples/multiple-fibers-on-ReadStream-data.js', 420, 438 ]
76 silly gunzTarPerm extractEntry bin/node
77 silly gunzTarPerm modified mode [ 'bin/node', 493, 511 ]
78 info preinstall wait.for@0.6.6
79 silly prepareForInstallMany adding fibers@>=1.0.1 from wait.for dependencies
80 silly cache add args [ 'fibers@>=1.0.1', null ]
81 verbose cache add spec fibers@>=1.0.1
82 silly cache add parsed spec { raw: 'fibers@>=1.0.1',
82 silly cache add   scope: null,
82 silly cache add   name: 'fibers',
82 silly cache add   rawSpec: '>=1.0.1',
82 silly cache add   spec: '>=1.0.1',
82 silly cache add   type: 'range' }
83 verbose addNamed fibers@>=1.0.1
84 silly addNamed semver.valid null
85 silly addNamed semver.validRange >=1.0.1
86 silly addNameRange { name: 'fibers', range: '>=1.0.1', hasData: false }
87 silly mapToRegistry name fibers
88 silly mapToRegistry using default registry
89 silly mapToRegistry registry https://registry.npmjs.org/
90 silly mapToRegistry uri https://registry.npmjs.org/fibers
91 verbose addNameRange registry:https://registry.npmjs.org/fibers not in flight; fetching
92 verbose request uri https://registry.npmjs.org/fibers
93 verbose request no auth needed
94 info attempt registry request try #1 at 11:45:47
95 http request GET https://registry.npmjs.org/fibers
96 http 200 https://registry.npmjs.org/fibers
97 silly get cb [ 200,
97 silly get   { date: 'Sat, 14 Mar 2015 10:45:55 GMT',
97 silly get     server: 'CouchDB/1.5.0 (Erlang OTP/R16B03)',
97 silly get     etag: '"488PESECDPBIFJLDA8OIPXYYG"',
97 silly get     'content-type': 'application/json',
97 silly get     'cache-control': 'max-age=60',
97 silly get     'content-length': '51647',
97 silly get     'accept-ranges': 'bytes',
97 silly get     via: '1.1 varnish',
97 silly get     age: '0',
97 silly get     'x-served-by': 'cache-lcy1123-LCY',
97 silly get     'x-cache': 'MISS',
97 silly get     'x-cache-hits': '0',
97 silly get     'x-timer': 'S1426329955.152129,VS0,VE173',
97 silly get     vary: 'Accept',
97 silly get     'keep-alive': 'timeout=10, max=50',
97 silly get     connection: 'Keep-Alive' } ]
98 verbose get saving fibers to C:\Users\Jan\AppData\Roaming\npm-cache\registry.npmjs.org\fibers\.cache.json
99 silly addNameRange number 2 { name: 'fibers', range: '>=1.0.1', hasData: true }
100 silly addNameRange versions [ 'fibers',
100 silly addNameRange   [ '0.1.0',
100 silly addNameRange     '0.1.1',
100 silly addNameRange     '0.1.2',
100 silly addNameRange     '0.1.3',
100 silly addNameRange     '0.1.4',
100 silly addNameRange     '0.1.6',
100 silly addNameRange     '0.1.7',
100 silly addNameRange     '0.1.8',
100 silly addNameRange     '0.2.0',
100 silly addNameRange     '0.2.1',
100 silly addNameRange     '0.2.2',
100 silly addNameRange     '0.2.3',
100 silly addNameRange     '0.2.4',
100 silly addNameRange     '0.2.5',
100 silly addNameRange     '0.2.6',
100 silly addNameRange     '0.5.0',
100 silly addNameRange     '0.6.0',
100 silly addNameRange     '0.5.1',
100 silly addNameRange     '0.6.1',
100 silly addNameRange     '0.6.2',
100 silly addNameRange     '0.6.3',
100 silly addNameRange     '0.6.4',
100 silly addNameRange     '0.6.5',
100 silly addNameRange     '0.6.6',
100 silly addNameRange     '0.6.7',
100 silly addNameRange     '0.6.8',
100 silly addNameRange     '0.6.9',
100 silly addNameRange     '1.0.0',
100 silly addNameRange     '1.0.1',
100 silly addNameRange     '1.0.2',
100 silly addNameRange     '1.0.4',
100 silly addNameRange     '1.0.5' ] ]
101 verbose addNamed fibers@1.0.5
102 silly addNamed semver.valid 1.0.5
103 silly addNamed semver.validRange 1.0.5
104 silly mapToRegistry name fibers
105 silly mapToRegistry using default registry
106 silly mapToRegistry registry https://registry.npmjs.org/
107 silly mapToRegistry uri https://registry.npmjs.org/fibers
108 verbose addRemoteTarball https://registry.npmjs.org/fibers/-/fibers-1.0.5.tgz not in flight; adding
109 verbose addRemoteTarball [ 'https://registry.npmjs.org/fibers/-/fibers-1.0.5.tgz',
109 verbose addRemoteTarball   '3bea1f697d8540bb3904961ad50939bdee1df678' ]
110 info retry fetch attempt 1 at 11:45:47
111 info attempt registry request try #1 at 11:45:47
112 http fetch GET https://registry.npmjs.org/fibers/-/fibers-1.0.5.tgz
113 http fetch 200 https://registry.npmjs.org/fibers/-/fibers-1.0.5.tgz
114 silly fetchAndShaCheck shasum 3bea1f697d8540bb3904961ad50939bdee1df678
115 verbose addTmpTarball C:\Users\Jan\AppData\Local\Temp\npm-17988-aad46cc6\registry.npmjs.org\fibers\-\fibers-1.0.5.tgz not in flight; adding
116 verbose addTmpTarball already have metadata; skipping unpack for fibers@1.0.5
117 silly cache afterAdd fibers@1.0.5
118 verbose afterAdd C:\Users\Jan\AppData\Roaming\npm-cache\fibers\1.0.5\package\package.json not in flight; writing
119 verbose afterAdd C:\Users\Jan\AppData\Roaming\npm-cache\fibers\1.0.5\package\package.json written
120 silly install resolved [ { name: 'fibers',
120 silly install resolved     version: '1.0.5',
120 silly install resolved     description: 'Cooperative multi-tasking for Javascript',
120 silly install resolved     keywords:
120 silly install resolved      [ 'fiber',
120 silly install resolved        'fibers',
120 silly install resolved        'coroutine',
120 silly install resolved        'thread',
120 silly install resolved        'async',
120 silly install resolved        'parallel',
120 silly install resolved        'worker',
120 silly install resolved        'future',
120 silly install resolved        'promise' ],
120 silly install resolved     homepage: 'https://github.com/laverdet/node-fibers',
120 silly install resolved     author:
120 silly install resolved      { name: 'Marcel Laverdet',
120 silly install resolved        email: 'marcel@laverdet.com',
120 silly install resolved        url: 'https://github.com/laverdet/' },
120 silly install resolved     main: 'fibers',
120 silly install resolved     scripts: { install: 'node ./build.js', test: 'node ./test.js' },
120 silly install resolved     repository:
120 silly install resolved      { type: 'git',
120 silly install resolved        url: 'git://github.com/laverdet/node-fibers.git' },
120 silly install resolved     engines: { node: '>=0.5.2' },
120 silly install resolved     gitHead: 'aff726a79af0c9d400ec0fa37be53f23643a4623',
120 silly install resolved     bugs: { url: 'https://github.com/laverdet/node-fibers/issues' },
120 silly install resolved     _id: 'fibers@1.0.5',
120 silly install resolved     _shasum: '3bea1f697d8540bb3904961ad50939bdee1df678',
120 silly install resolved     _from: 'fibers@>=1.0.1',
120 silly install resolved     _npmVersion: '1.4.28',
120 silly install resolved     _npmUser: { name: 'laverdet', email: 'marcel.npm@laverdet.com' },
120 silly install resolved     maintainers: [ [Object] ],
120 silly install resolved     dist:
120 silly install resolved      { shasum: '3bea1f697d8540bb3904961ad50939bdee1df678',
120 silly install resolved        tarball: 'http://registry.npmjs.org/fibers/-/fibers-1.0.5.tgz' },
120 silly install resolved     directories: {},
120 silly install resolved     _resolved: 'https://registry.npmjs.org/fibers/-/fibers-1.0.5.tgz' } ]
121 info install fibers@1.0.5 into c:\Users\Jan\Projects\rpi_gpio_api\node_modules\wait.for
122 info installOne fibers@1.0.5
123 verbose installOne of fibers to c:\Users\Jan\Projects\rpi_gpio_api\node_modules\wait.for not in flight; installing
124 verbose lock using C:\Users\Jan\AppData\Roaming\npm-cache\_locks\fibers-f944802e84ffe131.lock for c:\Users\Jan\Projects\rpi_gpio_api\node_modules\wait.for\node_modules\fibers
125 silly install write writing fibers 1.0.5 to c:\Users\Jan\Projects\rpi_gpio_api\node_modules\wait.for\node_modules\fibers
126 silly cache addNamed cb fibers@1.0.5
127 verbose unbuild node_modules\wait.for\node_modules\fibers
128 verbose gentlyRm vacuuming c:\Users\Jan\Projects\rpi_gpio_api\node_modules\wait.for\node_modules\fibers
129 verbose tar unpack C:\Users\Jan\AppData\Roaming\npm-cache\fibers\1.0.5\package.tgz
130 verbose tar unpacking to c:\Users\Jan\Projects\rpi_gpio_api\node_modules\wait.for\node_modules\fibers
131 verbose gentlyRm vacuuming c:\Users\Jan\Projects\rpi_gpio_api\node_modules\wait.for\node_modules\fibers
132 silly gunzTarPerm modes [ '777', '666' ]
133 silly gunzTarPerm extractEntry package.json
134 silly gunzTarPerm modified mode [ 'package.json', 420, 438 ]
135 silly gunzTarPerm extractEntry .npmignore
136 silly gunzTarPerm modified mode [ '.npmignore', 420, 438 ]
137 silly gunzTarPerm extractEntry README.md
138 silly gunzTarPerm modified mode [ 'README.md', 420, 438 ]
139 silly gunzTarPerm extractEntry LICENSE
140 silly gunzTarPerm modified mode [ 'LICENSE', 420, 438 ]
141 silly gunzTarPerm extractEntry quick-test.js
142 silly gunzTarPerm modified mode [ 'quick-test.js', 420, 438 ]
143 silly gunzTarPerm extractEntry future.js
144 silly gunzTarPerm modified mode [ 'future.js', 420, 438 ]
145 silly gunzTarPerm extractEntry build.js
146 silly gunzTarPerm modified mode [ 'build.js', 493, 511 ]
147 silly gunzTarPerm extractEntry test.js
148 silly gunzTarPerm modified mode [ 'test.js', 493, 511 ]
149 silly gunzTarPerm extractEntry fibers.js
150 silly gunzTarPerm modified mode [ 'fibers.js', 420, 438 ]
151 silly gunzTarPerm extractEntry binding.gyp
152 silly gunzTarPerm modified mode [ 'binding.gyp', 420, 438 ]
153 silly gunzTarPerm extractEntry bin/.npmignore
154 silly gunzTarPerm modified mode [ 'bin/.npmignore', 420, 438 ]
155 silly gunzTarPerm extractEntry bin/darwin-ia32-v8-3.14/fibers.node
156 silly gunzTarPerm modified mode [ 'bin/darwin-ia32-v8-3.14/fibers.node', 493, 511 ]
157 silly gunzTarPerm extractEntry bin/darwin-x64-v8-3.14/fibers.node
158 silly gunzTarPerm modified mode [ 'bin/darwin-x64-v8-3.14/fibers.node', 493, 511 ]
159 silly gunzTarPerm extractEntry bin/linux-ia32-v8-3.14/fibers.node
160 silly gunzTarPerm modified mode [ 'bin/linux-ia32-v8-3.14/fibers.node', 420, 438 ]
161 silly gunzTarPerm extractEntry bin/linux-x64-v8-3.14/fibers.node
162 silly gunzTarPerm modified mode [ 'bin/linux-x64-v8-3.14/fibers.node', 420, 438 ]
163 silly gunzTarPerm extractEntry bin/win32-ia32-v8-3.14/fibers.node
164 silly gunzTarPerm modified mode [ 'bin/win32-ia32-v8-3.14/fibers.node', 420, 438 ]
165 silly gunzTarPerm extractEntry bin/win32-x64-v8-3.14/fibers.node
166 silly gunzTarPerm modified mode [ 'bin/win32-x64-v8-3.14/fibers.node', 420, 438 ]
167 silly gunzTarPerm extractEntry src/coroutine.cc
168 silly gunzTarPerm modified mode [ 'src/coroutine.cc', 420, 438 ]
169 silly gunzTarPerm extractEntry src/coroutine.h
170 silly gunzTarPerm modified mode [ 'src/coroutine.h', 420, 438 ]
171 silly gunzTarPerm extractEntry src/fibers.cc
172 silly gunzTarPerm modified mode [ 'src/fibers.cc', 420, 438 ]
173 silly gunzTarPerm extractEntry src/libcoro/README
174 silly gunzTarPerm modified mode [ 'src/libcoro/README', 420, 438 ]
175 silly gunzTarPerm extractEntry src/libcoro/LICENSE
176 silly gunzTarPerm modified mode [ 'src/libcoro/LICENSE', 420, 438 ]
177 silly gunzTarPerm extractEntry src/libcoro/conftest.c
178 silly gunzTarPerm modified mode [ 'src/libcoro/conftest.c', 420, 438 ]
179 silly gunzTarPerm extractEntry src/libcoro/coro.c
180 silly gunzTarPerm modified mode [ 'src/libcoro/coro.c', 420, 438 ]
181 silly gunzTarPerm extractEntry src/libcoro/coro.h
182 silly gunzTarPerm modified mode [ 'src/libcoro/coro.h', 420, 438 ]
183 silly gunzTarPerm extractEntry test/already-running.js
184 silly gunzTarPerm modified mode [ 'test/already-running.js', 420, 438 ]
185 silly gunzTarPerm extractEntry test/exit.js
186 silly gunzTarPerm modified mode [ 'test/exit.js', 420, 438 ]
187 silly gunzTarPerm extractEntry test/fibonacci.js
188 silly gunzTarPerm modified mode [ 'test/fibonacci.js', 420, 438 ]
189 silly gunzTarPerm extractEntry test/finish-multiple.js
190 silly gunzTarPerm modified mode [ 'test/finish-multiple.js', 420, 438 ]
191 silly gunzTarPerm extractEntry test/exec.js
192 silly gunzTarPerm modified mode [ 'test/exec.js', 420, 438 ]
193 silly gunzTarPerm extractEntry test/future.js
194 silly gunzTarPerm modified mode [ 'test/future.js', 420, 438 ]
195 silly gunzTarPerm extractEntry test/illegal-yield.js
196 silly gunzTarPerm modified mode [ 'test/illegal-yield.js', 420, 438 ]
197 silly gunzTarPerm extractEntry test/pool.js
198 silly gunzTarPerm modified mode [ 'test/pool.js', 420, 438 ]
199 silly gunzTarPerm extractEntry test/process-title.js
200 silly gunzTarPerm modified mode [ 'test/process-title.js', 420, 438 ]
201 silly gunzTarPerm extractEntry test/stack-overflow.js
202 silly gunzTarPerm modified mode [ 'test/stack-overflow.js', 420, 438 ]
203 silly gunzTarPerm extractEntry test/current.js
204 silly gunzTarPerm modified mode [ 'test/current.js', 420, 438 ]
205 silly gunzTarPerm extractEntry test/stack-overflow2.js
206 silly gunzTarPerm modified mode [ 'test/stack-overflow2.js', 420, 438 ]
207 silly gunzTarPerm extractEntry test/child-process.js
208 silly gunzTarPerm modified mode [ 'test/child-process.js', 420, 438 ]
209 silly gunzTarPerm extractEntry test/started.js
210 silly gunzTarPerm modified mode [ 'test/started.js', 420, 438 ]
211 silly gunzTarPerm extractEntry test/bad-context.js
212 silly gunzTarPerm modified mode [ 'test/bad-context.js', 420, 438 ]
213 silly gunzTarPerm extractEntry test/unwind.js
214 silly gunzTarPerm modified mode [ 'test/unwind.js', 420, 438 ]
215 silly gunzTarPerm extractEntry test/future-exception.js
216 silly gunzTarPerm modified mode [ 'test/future-exception.js', 420, 438 ]
217 info preinstall fibers@1.0.5
218 silly install resolved []
219 verbose about to build c:\Users\Jan\Projects\rpi_gpio_api\node_modules\wait.for\node_modules\fibers
220 info build c:\Users\Jan\Projects\rpi_gpio_api\node_modules\wait.for\node_modules\fibers
221 verbose linkStuff [ false,
221 verbose linkStuff   false,
221 verbose linkStuff   false,
221 verbose linkStuff   'c:\\Users\\Jan\\Projects\\rpi_gpio_api\\node_modules\\wait.for\\node_modules' ]
222 info linkStuff fibers@1.0.5
223 verbose linkBins fibers@1.0.5
224 verbose linkMans fibers@1.0.5
225 verbose rebuildBundles fibers@1.0.5
226 info install fibers@1.0.5
227 verbose unsafe-perm in lifecycle true
228 info fibers@1.0.5 Failed to exec install script
229 verbose unlock done using C:\Users\Jan\AppData\Roaming\npm-cache\_locks\fibers-f944802e84ffe131.lock for c:\Users\Jan\Projects\rpi_gpio_api\node_modules\wait.for\node_modules\fibers
230 verbose about to build c:\Users\Jan\Projects\rpi_gpio_api\node_modules\wait.for
231 verbose unlock done using C:\Users\Jan\AppData\Roaming\npm-cache\_locks\wait-for-ec0587116ec478d2.lock for c:\Users\Jan\Projects\rpi_gpio_api\node_modules\wait.for
232 verbose stack Error: fibers@1.0.5 install: `node ./build.js`
232 verbose stack Exit status 1
232 verbose stack     at EventEmitter.<anonymous> (c:\Program Files\nodejs\node_modules\npm\lib\utils\lifecycle.js:213:16)
232 verbose stack     at EventEmitter.emit (events.js:110:17)
232 verbose stack     at ChildProcess.<anonymous> (c:\Program Files\nodejs\node_modules\npm\lib\utils\spawn.js:14:12)
232 verbose stack     at ChildProcess.emit (events.js:110:17)
232 verbose stack     at maybeClose (child_process.js:1008:16)
232 verbose stack     at Process.ChildProcess._handle.onexit (child_process.js:1080:5)
233 verbose pkgid fibers@1.0.5
234 verbose cwd c:\Users\Jan\Projects\rpi_gpio_api
235 error Windows_NT 6.3.9600
236 error argv "c:\\Program Files\\nodejs\\node.exe" "c:\\Program Files\\nodejs\\node_modules\\npm\\bin\\npm-cli.js" "install" "wait.for"
237 error node v0.12.0
238 error npm  v2.5.1
239 error code ELIFECYCLE
240 error fibers@1.0.5 install: `node ./build.js`
240 error Exit status 1
241 error Failed at the fibers@1.0.5 install script 'node ./build.js'.
241 error This is most likely a problem with the fibers package,
241 error not with npm itself.
241 error Tell the author that this fails on your system:
241 error     node ./build.js
241 error You can get their info via:
241 error     npm owner ls fibers
241 error There is likely additional logging output above.
242 verbose exit [ 1, true ]
243 verbose unbuild node_modules\wait.for\node_modules\fibers
244 info preuninstall fibers@1.0.5
245 info uninstall fibers@1.0.5
246 verbose unbuild rmStuff fibers@1.0.5 from c:\Users\Jan\Projects\rpi_gpio_api\node_modules
247 verbose unbuild rmStuff in c:\Users\Jan\Projects\rpi_gpio_api\node_modules\wait.for\node_modules
248 info postuninstall fibers@1.0.5
249 verbose gentlyRm vacuuming c:\Users\Jan\Projects\rpi_gpio_api\node_modules\wait.for\node_modules\fibers
250 silly gentlyRm purging c:\Users\Jan\Projects\rpi_gpio_api\node_modules\wait.for\node_modules\fibers
251 silly gentlyRm removing c:\Users\Jan\Projects\rpi_gpio_api\node_modules\wait.for\node_modules
252 silly gentlyRm quitting because other entries in c:\Users\Jan\Projects\rpi_gpio_api\node_modules\wait.for
253 verbose unbuild node_modules\wait.for
254 info preuninstall wait.for@0.6.6
255 info uninstall wait.for@0.6.6
256 verbose unbuild rmStuff wait.for@0.6.6 from c:\Users\Jan\Projects\rpi_gpio_api\node_modules
257 info postuninstall wait.for@0.6.6
258 verbose gentlyRm vacuuming c:\Users\Jan\Projects\rpi_gpio_api\node_modules\wait.for
259 silly gentlyRm purging c:\Users\Jan\Projects\rpi_gpio_api\node_modules\wait.for
260 silly gentlyRm quitting because other entries in c:\Users\Jan\Projects\rpi_gpio_api\node_modules
